\BOOKMARK [0][]{chapter*.1}{\376\377\144\130\211\201}{}% 1
\BOOKMARK [0][]{ustctoc.0}{\376\377\166\356\137\125}{}% 2
\BOOKMARK [0][]{chapter.1}{\376\377\173\054\0001\172\340\000\040\000\040\137\025\212\000}{}% 3
\BOOKMARK [1][-]{section.1.1}{\376\377\0001\000.\0001\000\040\177\026\121\231\166\356\166\204}{chapter.1}% 4
\BOOKMARK [1][-]{section.1.2}{\376\377\0001\000.\0002\000\040\230\171\166\356\200\314\146\157}{chapter.1}% 5
\BOOKMARK [1][-]{section.1.3}{\376\377\0001\000.\0003\000\040\147\057\213\355}{chapter.1}% 6
\BOOKMARK [0][]{chapter.2}{\376\377\173\054\0002\172\340\000\040\000\040\116\373\122\241\151\202\217\360}{}% 7
\BOOKMARK [1][-]{section.2.1}{\376\377\0002\000.\0001\000\040\166\356\150\007}{chapter.2}% 8
\BOOKMARK [1][-]{section.2.2}{\376\377\0002\000.\0002\000\040\137\000\123\321\116\016\217\320\210\114\163\257\130\203}{chapter.2}% 9
\BOOKMARK [2][-]{subsection.2.2.1}{\376\377\0002\000.\0002\000.\0001\000\040\137\000\123\321\163\257\130\203\166\204\221\115\177\156}{section.2.2}% 10
\BOOKMARK [2][-]{subsection.2.2.2}{\376\377\0002\000.\0002\000.\0002\000\040\155\113\213\325\163\257\130\203\166\204\221\115\177\156}{section.2.2}% 11
\BOOKMARK [2][-]{subsection.2.2.3}{\376\377\0002\000.\0002\000.\0003\000\040\217\320\210\114\163\257\130\203\166\204\221\115\177\156}{section.2.2}% 12
\BOOKMARK [1][-]{section.2.3}{\376\377\0002\000.\0003\000\040\227\000\154\102\151\202\217\360}{chapter.2}% 13
\BOOKMARK [2][-]{subsection.2.3.1}{\376\377\0002\000.\0003\000.\0001\000\040\000R\000.\000I\000N\000T\000F\000.\000C\000A\000L\000C\000.\0000\0000\0001\000\040\221\122\136\227\230\204\133\232}{section.2.3}% 14
\BOOKMARK [2][-]{subsection.2.3.2}{\376\377\0002\000.\0003\000.\0002\000\040\000R\000.\000I\000N\000T\000F\000.\000C\000A\000L\000C\000.\0000\0000\0002\000\040\160\153\217\146\171\150\230\204\213\242}{section.2.3}% 15
\BOOKMARK [2][-]{subsection.2.3.3}{\376\377\0002\000.\0003\000.\0003\000\040\000R\000.\000I\000N\000T\000F\000.\000C\000A\000L\000C\000.\0000\0000\0003\000\040\147\072\171\150\230\204\213\242}{section.2.3}% 16
\BOOKMARK [2][-]{subsection.2.3.4}{\376\377\0002\000.\0003\000.\0004\000\040\000R\000.\000I\000N\000T\000F\000.\000C\000A\000L\000C\000.\0000\0000\0004\000\040\225\350\171\150\230\204\213\242}{section.2.3}% 17
\BOOKMARK [2][-]{subsection.2.3.5}{\376\377\0002\000.\0003\000.\0005\000\040\000R\000.\000I\000N\000T\000F\000.\000C\000A\000L\000C\000.\0000\0000\0005\000\040\136\177\124\112\143\250\220\001}{section.2.3}% 18
\BOOKMARK [2][-]{subsection.2.3.6}{\376\377\0002\000.\0003\000.\0006\000\040\000R\000.\000I\000N\000T\000F\000.\000C\000A\000L\000C\000.\0000\0000\0006\000\040\165\050\142\067\213\304\116\367}{section.2.3}% 19
\BOOKMARK [2][-]{subsection.2.3.7}{\376\377\0002\000.\0003\000.\0007\000\040\000R\000.\000I\000N\000T\000F\000.\000C\000A\000L\000C\000.\0000\0000\0007\000\040\117\030\140\340\123\167}{section.2.3}% 20
\BOOKMARK [2][-]{subsection.2.3.8}{\376\377\0002\000.\0003\000.\0008\000\040\000R\000.\000I\000N\000T\000F\000.\000C\000A\000L\000C\000.\0000\0000\0008\000\040\155\073\122\250\143\250\220\001}{section.2.3}% 21
\BOOKMARK [2][-]{subsection.2.3.9}{\376\377\0002\000.\0003\000.\0009\000\040\000R\000.\000I\000N\000T\000F\000.\000C\000A\000L\000C\000.\0000\0000\0009\000\040\133\242\147\015\147\015\122\241}{section.2.3}% 22
\BOOKMARK [2][-]{subsection.2.3.10}{\376\377\0002\000.\0003\000.\0001\0000\000\040\000R\000.\000I\000N\000T\000F\000.\000C\000A\000L\000C\000.\0000\0001\0000\000\040\165\050\142\067\166\173\137\125}{section.2.3}% 23
\BOOKMARK [2][-]{subsection.2.3.11}{\376\377\0002\000.\0003\000.\0001\0001\000\040\000R\000.\000I\000N\000T\000F\000.\000C\000A\000L\000C\000.\0000\0001\0001\000\040\154\350\121\214\165\050\142\067\000/\117\356\145\071\116\052\116\272\117\341\140\157}{section.2.3}% 24
\BOOKMARK [1][-]{section.2.4}{\376\377\0002\000.\0004\000\040\147\141\116\366\116\016\226\120\122\066}{chapter.2}% 25
\BOOKMARK [2][-]{subsection.2.4.1}{\376\377\0002\000.\0004\000.\0001\000\040\137\000\123\321\136\163\123\360\116\016\135\345\121\167}{section.2.4}% 26
\BOOKMARK [2][-]{subsection.2.4.2}{\376\377\0002\000.\0004\000.\0002\000\040\217\157\116\366\137\000\123\321\165\037\124\175\124\150\147\037\152\041\127\213}{section.2.4}% 27
\BOOKMARK [2][-]{subsection.2.4.3}{\376\377\0002\000.\0004\000.\0003\000\040\154\325\137\213}{section.2.4}% 28
\BOOKMARK [2][-]{subsection.2.4.4}{\376\377\0002\000.\0004\000.\0004\000\040\142\200\147\057}{section.2.4}% 29
\BOOKMARK [2][-]{subsection.2.4.5}{\376\377\0002\000.\0004\000.\0005\000\040\176\317\215\071}{section.2.4}% 30
\BOOKMARK [0][]{chapter.3}{\376\377\173\054\0003\172\340\000\040\000\040\140\073\117\123\213\276\213\241}{}% 31
\BOOKMARK [1][-]{section.3.1}{\376\377\0003\000.\0001\000\040\217\157\116\366\143\317\217\360}{chapter.3}% 32
\BOOKMARK [2][-]{subsection.3.1.1}{\376\377\0003\000.\0001\000.\0001\000\040\122\115\123\360\116\073\211\201\122\237\200\375}{section.3.1}% 33
\BOOKMARK [2][-]{subsection.3.1.2}{\376\377\0003\000.\0001\000.\0002\000\040\124\016\123\360\116\073\211\201\122\237\200\375}{section.3.1}% 34
\BOOKMARK [1][-]{section.3.2}{\376\377\0003\000.\0002\000\040\131\004\164\006\155\101\172\013}{chapter.3}% 35
\BOOKMARK [2][-]{subsection.3.2.1}{\376\377\0003\000.\0002\000.\0001\000\040\140\073\117\123\155\101\172\013}{section.3.2}% 36
\BOOKMARK [2][-]{subsection.3.2.2}{\376\377\0003\000.\0002\000.\0002\000\040\174\373\176\337\127\372\147\054\155\101\172\013}{section.3.2}% 37
\BOOKMARK [2][-]{subsection.3.2.3}{\376\377\0003\000.\0002\000.\0003\000\040\133\242\142\067\172\357\127\372\147\054\155\101\172\013}{section.3.2}% 38
\BOOKMARK [2][-]{subsection.3.2.4}{\376\377\0003\000.\0002\000.\0004\000\040\147\015\122\241\126\150\172\357\127\372\147\054\155\101\172\013}{section.3.2}% 39
\BOOKMARK [2][-]{subsection.3.2.5}{\376\377\0003\000.\0002\000.\0005\000\040\122\237\200\375\0001\040\024\040\024\154\350\121\214\124\214\166\173\137\125\232\214\213\301\121\167\117\123\155\101\172\013}{section.3.2}% 40
\BOOKMARK [2][-]{subsection.3.2.6}{\376\377\0003\000.\0002\000.\0006\000\040\122\237\200\375\0002\040\024\040\024\165\050\142\067\230\204\213\242\000/\230\206\123\326\121\167\117\123\155\101\172\013}{section.3.2}% 41
\BOOKMARK [2][-]{subsection.3.2.7}{\376\377\0003\000.\0002\000.\0007\000\040\122\237\200\375\0003\040\024\040\024\165\050\142\067\143\320\116\244\213\304\213\272\121\167\117\123\155\101\172\013}{section.3.2}% 42
\BOOKMARK [2][-]{subsection.3.2.8}{\376\377\0003\000.\0002\000.\0008\000\040\122\237\200\375\0004\040\024\040\024\173\241\164\006\124\130\123\321\136\003\117\341\140\157\121\167\117\123\155\101\172\013}{section.3.2}% 43
\BOOKMARK [2][-]{subsection.3.2.9}{\376\377\0003\000.\0002\000.\0009\000\040\122\237\200\375\0005\040\024\040\024\133\242\142\067\147\015\122\241\121\167\117\123\155\101\172\013}{section.3.2}% 44
\BOOKMARK [2][-]{subsection.3.2.10}{\376\377\0003\000.\0002\000.\0001\0000\000\040\122\237\200\375\0006\040\024\040\024\116\052\140\047\123\026\143\250\203\120\174\373\176\337\121\167\117\123\155\101\172\013}{section.3.2}% 45
\BOOKMARK [1][-]{section.3.3}{\376\377\0003\000.\0003\000\040\122\237\200\375\176\323\147\204\213\276\213\241}{chapter.3}% 46
\BOOKMARK [2][-]{subsection.3.3.1}{\376\377\0003\000.\0003\000.\0001\000\040\145\164\117\123\176\323\147\204}{section.3.3}% 47
\BOOKMARK [2][-]{subsection.3.3.2}{\376\377\0003\000.\0003\000.\0002\000\040\165\050\142\067\172\357\176\323\147\204}{section.3.3}% 48
\BOOKMARK [2][-]{subsection.3.3.3}{\376\377\0003\000.\0003\000.\0003\000\040\147\015\122\241\126\150\172\357\176\323\147\204}{section.3.3}% 49
\BOOKMARK [2][-]{subsection.3.3.4}{\376\377\0003\000.\0003\000.\0004\000\040\124\016\123\360\145\160\143\156\136\223\176\364\142\244\152\041\127\127\176\323\147\204}{section.3.3}% 50
\BOOKMARK [1][-]{section.3.4}{\376\377\0003\000.\0004\000\040\122\237\200\375\227\000\154\102\116\016\172\013\136\217\116\343\170\001\166\204\121\163\174\373}{chapter.3}% 51
\BOOKMARK [0][]{chapter.4}{\376\377\173\054\0004\172\340\000\040\000\040\143\245\123\343\213\276\213\241}{}% 52
\BOOKMARK [1][-]{section.4.1}{\376\377\0004\000.\0001\000\040\131\026\220\350\143\245\123\343}{chapter.4}% 53
\BOOKMARK [2][-]{subsection.4.1.1}{\376\377\0004\000.\0001\000.\0001\000\040\145\057\116\330\133\235\143\245\123\343}{section.4.1}% 54
\BOOKMARK [2][-]{subsection.4.1.2}{\376\377\0004\000.\0001\000.\0002\000\040\144\072\172\013\143\245\123\343}{section.4.1}% 55
\BOOKMARK [2][-]{subsection.4.1.3}{\376\377\0004\000.\0001\000.\0003\000\040\165\050\142\067\143\245\123\343}{section.4.1}% 56
\BOOKMARK [1][-]{section.4.2}{\376\377\0004\000.\0002\000\040\121\205\220\350\143\245\123\343}{chapter.4}% 57
\BOOKMARK [2][-]{subsection.4.2.1}{\376\377\0004\000.\0002\000.\0001\000\040\221\122\136\227\000/\160\153\217\146\171\150\000/\202\052\163\355\000/\146\157\160\271\152\041\127\127\000\040\116\016\000\040\147\015\122\241\126\150\220\073\217\221\143\247\122\066\152\041\127\127}{section.4.2}% 58
\BOOKMARK [2][-]{subsection.4.2.2}{\376\377\0004\000.\0002\000.\0002\000\040\133\242\142\067\147\015\122\241\152\041\127\127\000\040\116\016\000\040\147\015\122\241\126\150\220\073\217\221\143\247\122\066\152\041\127\127}{section.4.2}% 59
\BOOKMARK [2][-]{subsection.4.2.3}{\376\377\0004\000.\0002\000.\0003\000\040\147\015\122\241\126\150\220\073\217\221\143\247\122\066\152\041\127\127\000\040\116\016\000\040\145\160\143\156\136\223\176\364\142\244\152\041\127\127}{section.4.2}% 60
\BOOKMARK [2][-]{subsection.4.2.4}{\376\377\0004\000.\0002\000.\0004\000\040\143\250\203\120\174\373\176\337\152\041\127\127\000\040\116\016\000\040\145\160\143\156\136\223\176\364\142\244\152\041\127\127}{section.4.2}% 61
\BOOKMARK [0][]{chapter.5}{\376\377\173\054\0005\172\340\000\040\000\040\145\160\143\156\176\323\147\204\213\276\213\241}{}% 62
\BOOKMARK [1][-]{section.5.1}{\376\377\0005\000.\0001\000\040\220\073\217\221\176\323\147\204\213\276\213\241}{chapter.5}% 63
\BOOKMARK [2][-]{subsection.5.1.1}{\376\377\0005\000.\0001\000.\0001\000\040\165\050\142\067\173\241\164\006\174\373\176\337\145\160\143\156\176\323\147\204\213\276\213\241}{section.5.1}% 64
\BOOKMARK [2][-]{subsection.5.1.2}{\376\377\0005\000.\0001\000.\0002\000\040\133\242\142\067\172\357\145\160\143\156\176\323\147\204}{section.5.1}% 65
\BOOKMARK [2][-]{subsection.5.1.3}{\376\377\0005\000.\0001\000.\0003\000\040\147\015\122\241\126\150\172\357\145\160\143\156\176\323\147\204}{section.5.1}% 66
\BOOKMARK [1][-]{section.5.2}{\376\377\0005\000.\0002\000\040\162\151\164\006\176\323\147\204\213\276\213\241}{chapter.5}% 67
\BOOKMARK [0][]{chapter.6}{\376\377\173\054\0006\172\340\000\040\000\040\145\160\143\156\136\223\213\276\213\241}{}% 68
\BOOKMARK [1][-]{section.6.1}{\376\377\0006\000.\0001\000\040\145\160\143\156\136\223\163\257\130\203\213\364\146\016}{chapter.6}% 69
\BOOKMARK [1][-]{section.6.2}{\376\377\0006\000.\0002\000\040\145\160\143\156\136\223\166\204\124\175\124\015\211\304\122\031}{chapter.6}% 70
\BOOKMARK [1][-]{section.6.3}{\376\377\0006\000.\0003\000\040\220\073\217\221\213\276\213\241}{chapter.6}% 71
\BOOKMARK [1][-]{section.6.4}{\376\377\0006\000.\0004\000\040\162\151\164\006\213\276\213\241}{chapter.6}% 72
\BOOKMARK [2][-]{subsection.6.4.1}{\376\377\0006\000.\0004\000.\0001\000\040\145\160\143\156\136\223\116\247\124\301}{section.6.4}% 73
\BOOKMARK [2][-]{subsection.6.4.2}{\376\377\0006\000.\0004\000.\0002\000\040\133\236\117\123\134\136\140\047\060\001\174\173\127\213\060\001\174\276\136\246}{section.6.4}% 74
\BOOKMARK [1][-]{section.6.5}{\376\377\0006\000.\0005\000\040\133\211\121\150\140\047\213\276\213\241}{chapter.6}% 75
\BOOKMARK [1][-]{section.6.6}{\376\377\0006\000.\0006\000\040\145\160\143\156\136\223\173\241\164\006\116\016\176\364\142\244\213\364\146\016}{chapter.6}% 76
\BOOKMARK [0][]{chapter.7}{\376\377\173\054\0007\172\340\000\040\000\040\165\114\227\142\213\276\213\241}{}% 77
\BOOKMARK [1][-]{section.7.1}{\376\377\0007\000.\0001\000\040\154\350\121\214\165\114\227\142}{chapter.7}% 78
\BOOKMARK [1][-]{section.7.2}{\376\377\0007\000.\0002\000\040\166\173\137\125\165\114\227\142}{chapter.7}% 79
\BOOKMARK [1][-]{section.7.3}{\376\377\0007\000.\0003\000\040\203\334\123\125\165\114\227\142}{chapter.7}% 80
\BOOKMARK [1][-]{section.7.4}{\376\377\0007\000.\0004\000\040\116\073\230\165\165\114\227\142}{chapter.7}% 81
\BOOKMARK [1][-]{section.7.5}{\376\377\0007\000.\0005\000\040\202\052\163\355\230\204\213\242\165\114\227\142}{chapter.7}% 82
\BOOKMARK [1][-]{section.7.6}{\376\377\0007\000.\0006\000\040\160\153\217\146\171\150\230\204\213\242\165\114\227\142}{chapter.7}% 83
\BOOKMARK [1][-]{section.7.7}{\376\377\0007\000.\0007\000\040\221\122\136\227\230\204\213\242\165\114\227\142}{chapter.7}% 84
\BOOKMARK [1][-]{section.7.8}{\376\377\0007\000.\0008\000\040\146\157\160\271\230\204\213\242\165\114\227\142}{chapter.7}% 85
\BOOKMARK [1][-]{section.7.9}{\376\377\0007\000.\0009\000\040\117\030\140\340\122\070\230\206\123\326\165\114\227\142}{chapter.7}% 86
\BOOKMARK [1][-]{section.7.10}{\376\377\0007\000.\0001\0000\000\040\116\052\116\272\117\341\140\157\165\114\227\142}{chapter.7}% 87
\BOOKMARK [1][-]{section.7.11}{\376\377\0007\000.\0001\0001\000\040\230\204\213\242\117\341\140\157\165\114\227\142}{chapter.7}% 88
\BOOKMARK [1][-]{section.7.12}{\376\377\0007\000.\0001\0002\000\040\177\026\217\221\117\341\140\157\165\114\227\142}{chapter.7}% 89
\BOOKMARK [0][]{chapter.8}{\376\377\173\054\0008\172\340\000\040\000\040\121\372\225\031\131\004\164\006\213\276\213\241}{}% 90
\BOOKMARK [1][-]{section.8.1}{\376\377\0008\000.\0001\000\040\145\160\143\156\136\223\121\372\225\031\131\004\164\006}{chapter.8}% 91
\BOOKMARK [1][-]{section.8.2}{\376\377\0008\000.\0002\000\040\152\041\127\127\131\061\145\110\131\004\164\006}{chapter.8}% 92
\BOOKMARK [2][-]{subsection.8.2.1}{\376\377\0008\000.\0002\000.\0001\000\040\221\122\136\227\000/\202\052\163\355\000/\160\153\217\146\171\150\000/\146\157\160\271\152\041\127\127}{section.8.2}% 93
\BOOKMARK [2][-]{subsection.8.2.2}{\376\377\0008\000.\0002\000.\0002\000\040\166\173\137\125\000/\154\350\121\214\152\041\127\127}{section.8.2}% 94
\BOOKMARK [2][-]{subsection.8.2.3}{\376\377\0008\000.\0002\000.\0003\000\040\117\030\140\340\122\070\152\041\127\127}{section.8.2}% 95
\BOOKMARK [2][-]{subsection.8.2.4}{\376\377\0008\000.\0002\000.\0004\000\040\155\073\122\250\143\250\220\001\152\041\127\127}{section.8.2}% 96
\BOOKMARK [2][-]{subsection.8.2.5}{\376\377\0008\000.\0002\000.\0005\000\040\133\242\147\015\152\041\127\127}{section.8.2}% 97
\BOOKMARK [2][-]{subsection.8.2.6}{\376\377\0008\000.\0002\000.\0006\000\040\124\016\123\360\145\160\143\156\136\223\176\364\142\244\152\041\127\127}{section.8.2}% 98
\BOOKMARK [2][-]{subsection.8.2.7}{\376\377\0008\000.\0002\000.\0007\000\040\124\016\123\360\220\073\217\221\143\247\122\066\152\041\127\127}{section.8.2}% 99
\BOOKMARK [2][-]{subsection.8.2.8}{\376\377\0008\000.\0002\000.\0008\000\040\143\250\203\120\174\373\176\337\152\041\127\127}{section.8.2}% 100
\BOOKMARK [0][]{chapter.9}{\376\377\173\054\0009\172\340\000\040\000\040\133\211\121\150\117\335\133\306\213\276\213\241}{}% 101
\BOOKMARK [1][-]{subsection.9.0.1}{\376\377\0009\000.\0000\000.\0001\000\040\117\335\133\306\140\047}{chapter.9}% 102
\BOOKMARK [2][-]{subsection.9.0.2}{\376\377\0009\000.\0000\000.\0002\000\040\122\240\133\306\117\040\217\223}{subsection.9.0.1}% 103
\BOOKMARK [0][]{chapter.10}{\376\377\173\054\0001\0000\172\340\000\040\000\040\176\364\142\244\213\276\213\241}{}% 104
\BOOKMARK [1][-]{subsection.10.0.1}{\376\377\0001\0000\000.\0000\000.\0001\000\040\131\007\116\375}{chapter.10}% 105
\BOOKMARK [2][-]{subsection.10.0.2}{\376\377\0001\0000\000.\0000\000.\0002\000\040\176\364\142\244}{subsection.10.0.1}% 106
